Determining if the include file netinet/in6.h exists failed with the following output:
Change Dir: /home/leo/mycode/RunRasPi/3rdparty/libevent-2.1.11-stable/build/CMakeFiles/CMakeTmp

Run Build Command:"/usr/bin/make" "cmTC_7981e/fast"
/usr/bin/make -f CMakeFiles/cmTC_7981e.dir/build.make CMakeFiles/cmTC_7981e.dir/build
make[1]: Entering directory '/home/leo/mycode/RunRasPi/3rdparty/libevent-2.1.11-stable/build/CMakeFiles/CMakeTmp'
Building C object CMakeFiles/cmTC_7981e.dir/CheckIncludeFile.c.o
/usr/bin/cc   -Wall -Wextra -Wno-unused-parameter -Wstrict-aliasing -Wstrict-prototypes -fno-strict-aliasing -Wmissing-prototypes -Winit-self -Wmissing-field-initializers -Wdeclaration-after-statement -Waddress -Wnormalized=id -Woverride-init -Wlogical-op -Wwrite-strings    -o CMakeFiles/cmTC_7981e.dir/CheckIncludeFile.c.o   -c /home/leo/mycode/RunRasPi/3rdparty/libevent-2.1.11-stable/build/CMakeFiles/CMakeTmp/CheckIncludeFile.c
/home/leo/mycode/RunRasPi/3rdparty/libevent-2.1.11-stable/build/CMakeFiles/CMakeTmp/CheckIncludeFile.c:1:10: fatal error: netinet/in6.h: No such file or directory
 #include <netinet/in6.h>
          ^~~~~~~~~~~~~~~
compilation terminated.
CMakeFiles/cmTC_7981e.dir/build.make:65: recipe for target 'CMakeFiles/cmTC_7981e.dir/CheckIncludeFile.c.o' failed
make[1]: *** [CMakeFiles/cmTC_7981e.dir/CheckIncludeFile.c.o] Error 1
make[1]: Leaving directory '/home/leo/mycode/RunRasPi/3rdparty/libevent-2.1.11-stable/build/CMakeFiles/CMakeTmp'
Makefile:126: recipe for target 'cmTC_7981e/fast' failed
make: *** [cmTC_7981e/fast] Error 2


Determining if the include file port.h exists failed with the following output:
Change Dir: /home/leo/mycode/RunRasPi/3rdparty/libevent-2.1.11-stable/build/CMakeFiles/CMakeTmp

Run Build Command:"/usr/bin/make" "cmTC_acf1e/fast"
/usr/bin/make -f CMakeFiles/cmTC_acf1e.dir/build.make CMakeFiles/cmTC_acf1e.dir/build
make[1]: Entering directory '/home/leo/mycode/RunRasPi/3rdparty/libevent-2.1.11-stable/build/CMakeFiles/CMakeTmp'
Building C object CMakeFiles/cmTC_acf1e.dir/CheckIncludeFile.c.o
/usr/bin/cc   -Wall -Wextra -Wno-unused-parameter -Wstrict-aliasing -Wstrict-prototypes -fno-strict-aliasing -Wmissing-prototypes -Winit-self -Wmissing-field-initializers -Wdeclaration-after-statement -Waddress -Wnormalized=id -Woverride-init -Wlogical-op -Wwrite-strings    -o CMakeFiles/cmTC_acf1e.dir/CheckIncludeFile.c.o   -c /home/leo/mycode/RunRasPi/3rdparty/libevent-2.1.11-stable/build/CMakeFiles/CMakeTmp/CheckIncludeFile.c
/home/leo/mycode/RunRasPi/3rdparty/libevent-2.1.11-stable/build/CMakeFiles/CMakeTmp/CheckIncludeFile.c:1:10: fatal error: port.h: No such file or directory
 #include <port.h>
          ^~~~~~~~
compilation terminated.
CMakeFiles/cmTC_acf1e.dir/build.make:65: recipe for target 'CMakeFiles/cmTC_acf1e.dir/CheckIncludeFile.c.o' failed
make[1]: *** [CMakeFiles/cmTC_acf1e.dir/CheckIncludeFile.c.o] Error 1
make[1]: Leaving directory '/home/leo/mycode/RunRasPi/3rdparty/libevent-2.1.11-stable/build/CMakeFiles/CMakeTmp'
Makefile:126: recipe for target 'cmTC_acf1e/fast' failed
make: *** [cmTC_acf1e/fast] Error 2


Determining if the include file sys/devpoll.h exists failed with the following output:
Change Dir: /home/leo/mycode/RunRasPi/3rdparty/libevent-2.1.11-stable/build/CMakeFiles/CMakeTmp

Run Build Command:"/usr/bin/make" "cmTC_17ae8/fast"
/usr/bin/make -f CMakeFiles/cmTC_17ae8.dir/build.make CMakeFiles/cmTC_17ae8.dir/build
make[1]: Entering directory '/home/leo/mycode/RunRasPi/3rdparty/libevent-2.1.11-stable/build/CMakeFiles/CMakeTmp'
Building C object CMakeFiles/cmTC_17ae8.dir/CheckIncludeFile.c.o
/usr/bin/cc   -Wall -Wextra -Wno-unused-parameter -Wstrict-aliasing -Wstrict-prototypes -fno-strict-aliasing -Wmissing-prototypes -Winit-self -Wmissing-field-initializers -Wdeclaration-after-statement -Waddress -Wnormalized=id -Woverride-init -Wlogical-op -Wwrite-strings    -o CMakeFiles/cmTC_17ae8.dir/CheckIncludeFile.c.o   -c /home/leo/mycode/RunRasPi/3rdparty/libevent-2.1.11-stable/build/CMakeFiles/CMakeTmp/CheckIncludeFile.c
/home/leo/mycode/RunRasPi/3rdparty/libevent-2.1.11-stable/build/CMakeFiles/CMakeTmp/CheckIncludeFile.c:1:10: fatal error: sys/devpoll.h: No such file or directory
 #include <sys/devpoll.h>
          ^~~~~~~~~~~~~~~
compilation terminated.
CMakeFiles/cmTC_17ae8.dir/build.make:65: recipe for target 'CMakeFiles/cmTC_17ae8.dir/CheckIncludeFile.c.o' failed
make[1]: *** [CMakeFiles/cmTC_17ae8.dir/CheckIncludeFile.c.o] Error 1
make[1]: Leaving directory '/home/leo/mycode/RunRasPi/3rdparty/libevent-2.1.11-stable/build/CMakeFiles/CMakeTmp'
Makefile:126: recipe for target 'cmTC_17ae8/fast' failed
make: *** [cmTC_17ae8/fast] Error 2


Determining if the include file sys/event.h exists failed with the following output:
Change Dir: /home/leo/mycode/RunRasPi/3rdparty/libevent-2.1.11-stable/build/CMakeFiles/CMakeTmp

Run Build Command:"/usr/bin/make" "cmTC_c3253/fast"
/usr/bin/make -f CMakeFiles/cmTC_c3253.dir/build.make CMakeFiles/cmTC_c3253.dir/build
make[1]: Entering directory '/home/leo/mycode/RunRasPi/3rdparty/libevent-2.1.11-stable/build/CMakeFiles/CMakeTmp'
Building C object CMakeFiles/cmTC_c3253.dir/CheckIncludeFile.c.o
/usr/bin/cc   -Wall -Wextra -Wno-unused-parameter -Wstrict-aliasing -Wstrict-prototypes -fno-strict-aliasing -Wmissing-prototypes -Winit-self -Wmissing-field-initializers -Wdeclaration-after-statement -Waddress -Wnormalized=id -Woverride-init -Wlogical-op -Wwrite-strings    -o CMakeFiles/cmTC_c3253.dir/CheckIncludeFile.c.o   -c /home/leo/mycode/RunRasPi/3rdparty/libevent-2.1.11-stable/build/CMakeFiles/CMakeTmp/CheckIncludeFile.c
/home/leo/mycode/RunRasPi/3rdparty/libevent-2.1.11-stable/build/CMakeFiles/CMakeTmp/CheckIncludeFile.c:1:10: fatal error: sys/event.h: No such file or directory
 #include <sys/event.h>
          ^~~~~~~~~~~~~
compilation terminated.
CMakeFiles/cmTC_c3253.dir/build.make:65: recipe for target 'CMakeFiles/cmTC_c3253.dir/CheckIncludeFile.c.o' failed
make[1]: *** [CMakeFiles/cmTC_c3253.dir/CheckIncludeFile.c.o] Error 1
make[1]: Leaving directory '/home/leo/mycode/RunRasPi/3rdparty/libevent-2.1.11-stable/build/CMakeFiles/CMakeTmp'
Makefile:126: recipe for target 'cmTC_c3253/fast' failed
make: *** [cmTC_c3253/fast] Error 2


Determining if the include file mach/mach_time.h exists failed with the following output:
Change Dir: /home/leo/mycode/RunRasPi/3rdparty/libevent-2.1.11-stable/build/CMakeFiles/CMakeTmp

Run Build Command:"/usr/bin/make" "cmTC_732a1/fast"
/usr/bin/make -f CMakeFiles/cmTC_732a1.dir/build.make CMakeFiles/cmTC_732a1.dir/build
make[1]: Entering directory '/home/leo/mycode/RunRasPi/3rdparty/libevent-2.1.11-stable/build/CMakeFiles/CMakeTmp'
Building C object CMakeFiles/cmTC_732a1.dir/CheckIncludeFile.c.o
/usr/bin/cc   -Wall -Wextra -Wno-unused-parameter -Wstrict-aliasing -Wstrict-prototypes -fno-strict-aliasing -Wmissing-prototypes -Winit-self -Wmissing-field-initializers -Wdeclaration-after-statement -Waddress -Wnormalized=id -Woverride-init -Wlogical-op -Wwrite-strings    -o CMakeFiles/cmTC_732a1.dir/CheckIncludeFile.c.o   -c /home/leo/mycode/RunRasPi/3rdparty/libevent-2.1.11-stable/build/CMakeFiles/CMakeTmp/CheckIncludeFile.c
/home/leo/mycode/RunRasPi/3rdparty/libevent-2.1.11-stable/build/CMakeFiles/CMakeTmp/CheckIncludeFile.c:1:10: fatal error: mach/mach_time.h: No such file or directory
 #include <mach/mach_time.h>
          ^~~~~~~~~~~~~~~~~~
compilation terminated.
CMakeFiles/cmTC_732a1.dir/build.make:65: recipe for target 'CMakeFiles/cmTC_732a1.dir/CheckIncludeFile.c.o' failed
make[1]: *** [CMakeFiles/cmTC_732a1.dir/CheckIncludeFile.c.o] Error 1
make[1]: Leaving directory '/home/leo/mycode/RunRasPi/3rdparty/libevent-2.1.11-stable/build/CMakeFiles/CMakeTmp'
Makefile:126: recipe for target 'cmTC_732a1/fast' failed
make: *** [cmTC_732a1/fast] Error 2


Determining if the function kqueue exists failed with the following output:
Change Dir: /home/leo/mycode/RunRasPi/3rdparty/libevent-2.1.11-stable/build/CMakeFiles/CMakeTmp

Run Build Command:"/usr/bin/make" "cmTC_f8b73/fast"
/usr/bin/make -f CMakeFiles/cmTC_f8b73.dir/build.make CMakeFiles/cmTC_f8b73.dir/build
make[1]: Entering directory '/home/leo/mycode/RunRasPi/3rdparty/libevent-2.1.11-stable/build/CMakeFiles/CMakeTmp'
Building C object CMakeFiles/cmTC_f8b73.dir/CheckFunctionExistsEx.c.o
/usr/bin/cc   -Wall -Wextra -Wno-unused-parameter -Wstrict-aliasing -Wstrict-prototypes -fno-strict-aliasing -Wmissing-prototypes -Winit-self -Wmissing-field-initializers -Wdeclaration-after-statement -Waddress -Wnormalized=id -Woverride-init -Wlogical-op -Wwrite-strings -DCHECK_FUNCTION_EXISTS=kqueue   -o CMakeFiles/cmTC_f8b73.dir/CheckFunctionExistsEx.c.o   -c /home/leo/mycode/RunRasPi/3rdparty/libevent-2.1.11-stable/cmake/CheckFunctionExistsEx.c
Linking C executable cmTC_f8b73
/usr/bin/cmake -E cmake_link_script CMakeFiles/cmTC_f8b73.dir/link.txt --verbose=1
/usr/bin/cc  -Wall -Wextra -Wno-unused-parameter -Wstrict-aliasing -Wstrict-prototypes -fno-strict-aliasing -Wmissing-prototypes -Winit-self -Wmissing-field-initializers -Wdeclaration-after-statement -Waddress -Wnormalized=id -Woverride-init -Wlogical-op -Wwrite-strings -DCHECK_FUNCTION_EXISTS=kqueue    -rdynamic CMakeFiles/cmTC_f8b73.dir/CheckFunctionExistsEx.c.o  -o cmTC_f8b73 
CMakeFiles/cmTC_f8b73.dir/CheckFunctionExistsEx.c.o: In function `main':
CheckFunctionExistsEx.c:(.text+0x10): undefined reference to `kqueue'
collect2: error: ld returned 1 exit status
CMakeFiles/cmTC_f8b73.dir/build.make:97: recipe for target 'cmTC_f8b73' failed
make[1]: *** [cmTC_f8b73] Error 1
make[1]: Leaving directory '/home/leo/mycode/RunRasPi/3rdparty/libevent-2.1.11-stable/build/CMakeFiles/CMakeTmp'
Makefile:126: recipe for target 'cmTC_f8b73/fast' failed
make: *** [cmTC_f8b73/fast] Error 2


Determining if the function port_create exists failed with the following output:
Change Dir: /home/leo/mycode/RunRasPi/3rdparty/libevent-2.1.11-stable/build/CMakeFiles/CMakeTmp

Run Build Command:"/usr/bin/make" "cmTC_c34fb/fast"
/usr/bin/make -f CMakeFiles/cmTC_c34fb.dir/build.make CMakeFiles/cmTC_c34fb.dir/build
make[1]: Entering directory '/home/leo/mycode/RunRasPi/3rdparty/libevent-2.1.11-stable/build/CMakeFiles/CMakeTmp'
Building C object CMakeFiles/cmTC_c34fb.dir/CheckFunctionExistsEx.c.o
/usr/bin/cc   -Wall -Wextra -Wno-unused-parameter -Wstrict-aliasing -Wstrict-prototypes -fno-strict-aliasing -Wmissing-prototypes -Winit-self -Wmissing-field-initializers -Wdeclaration-after-statement -Waddress -Wnormalized=id -Woverride-init -Wlogical-op -Wwrite-strings -DCHECK_FUNCTION_EXISTS=port_create   -o CMakeFiles/cmTC_c34fb.dir/CheckFunctionExistsEx.c.o   -c /home/leo/mycode/RunRasPi/3rdparty/libevent-2.1.11-stable/cmake/CheckFunctionExistsEx.c
Linking C executable cmTC_c34fb
/usr/bin/cmake -E cmake_link_script CMakeFiles/cmTC_c34fb.dir/link.txt --verbose=1
/usr/bin/cc  -Wall -Wextra -Wno-unused-parameter -Wstrict-aliasing -Wstrict-prototypes -fno-strict-aliasing -Wmissing-prototypes -Winit-self -Wmissing-field-initializers -Wdeclaration-after-statement -Waddress -Wnormalized=id -Woverride-init -Wlogical-op -Wwrite-strings -DCHECK_FUNCTION_EXISTS=port_create    -rdynamic CMakeFiles/cmTC_c34fb.dir/CheckFunctionExistsEx.c.o  -o cmTC_c34fb 
CMakeFiles/cmTC_c34fb.dir/CheckFunctionExistsEx.c.o: In function `main':
CheckFunctionExistsEx.c:(.text+0x10): undefined reference to `port_create'
collect2: error: ld returned 1 exit status
CMakeFiles/cmTC_c34fb.dir/build.make:97: recipe for target 'cmTC_c34fb' failed
make[1]: *** [cmTC_c34fb] Error 1
make[1]: Leaving directory '/home/leo/mycode/RunRasPi/3rdparty/libevent-2.1.11-stable/build/CMakeFiles/CMakeTmp'
Makefile:126: recipe for target 'cmTC_c34fb/fast' failed
make: *** [cmTC_c34fb/fast] Error 2


Determining if the function strlcpy exists failed with the following output:
Change Dir: /home/leo/mycode/RunRasPi/3rdparty/libevent-2.1.11-stable/build/CMakeFiles/CMakeTmp

Run Build Command:"/usr/bin/make" "cmTC_85f83/fast"
/usr/bin/make -f CMakeFiles/cmTC_85f83.dir/build.make CMakeFiles/cmTC_85f83.dir/build
make[1]: Entering directory '/home/leo/mycode/RunRasPi/3rdparty/libevent-2.1.11-stable/build/CMakeFiles/CMakeTmp'
Building C object CMakeFiles/cmTC_85f83.dir/CheckFunctionExistsEx.c.o
/usr/bin/cc   -Wall -Wextra -Wno-unused-parameter -Wstrict-aliasing -Wstrict-prototypes -fno-strict-aliasing -Wmissing-prototypes -Winit-self -Wmissing-field-initializers -Wdeclaration-after-statement -Waddress -Wnormalized=id -Woverride-init -Wlogical-op -Wwrite-strings -DCHECK_FUNCTION_EXISTS=strlcpy   -o CMakeFiles/cmTC_85f83.dir/CheckFunctionExistsEx.c.o   -c /home/leo/mycode/RunRasPi/3rdparty/libevent-2.1.11-stable/cmake/CheckFunctionExistsEx.c
Linking C executable cmTC_85f83
/usr/bin/cmake -E cmake_link_script CMakeFiles/cmTC_85f83.dir/link.txt --verbose=1
/usr/bin/cc  -Wall -Wextra -Wno-unused-parameter -Wstrict-aliasing -Wstrict-prototypes -fno-strict-aliasing -Wmissing-prototypes -Winit-self -Wmissing-field-initializers -Wdeclaration-after-statement -Waddress -Wnormalized=id -Woverride-init -Wlogical-op -Wwrite-strings -DCHECK_FUNCTION_EXISTS=strlcpy    -rdynamic CMakeFiles/cmTC_85f83.dir/CheckFunctionExistsEx.c.o  -o cmTC_85f83 
CMakeFiles/cmTC_85f83.dir/CheckFunctionExistsEx.c.o: In function `main':
CheckFunctionExistsEx.c:(.text+0x10): undefined reference to `strlcpy'
collect2: error: ld returned 1 exit status
CMakeFiles/cmTC_85f83.dir/build.make:97: recipe for target 'cmTC_85f83' failed
make[1]: *** [cmTC_85f83] Error 1
make[1]: Leaving directory '/home/leo/mycode/RunRasPi/3rdparty/libevent-2.1.11-stable/build/CMakeFiles/CMakeTmp'
Makefile:126: recipe for target 'cmTC_85f83/fast' failed
make: *** [cmTC_85f83/fast] Error 2


Determining if the function arc4random exists failed with the following output:
Change Dir: /home/leo/mycode/RunRasPi/3rdparty/libevent-2.1.11-stable/build/CMakeFiles/CMakeTmp

Run Build Command:"/usr/bin/make" "cmTC_741c3/fast"
/usr/bin/make -f CMakeFiles/cmTC_741c3.dir/build.make CMakeFiles/cmTC_741c3.dir/build
make[1]: Entering directory '/home/leo/mycode/RunRasPi/3rdparty/libevent-2.1.11-stable/build/CMakeFiles/CMakeTmp'
Building C object CMakeFiles/cmTC_741c3.dir/CheckFunctionExistsEx.c.o
/usr/bin/cc   -Wall -Wextra -Wno-unused-parameter -Wstrict-aliasing -Wstrict-prototypes -fno-strict-aliasing -Wmissing-prototypes -Winit-self -Wmissing-field-initializers -Wdeclaration-after-statement -Waddress -Wnormalized=id -Woverride-init -Wlogical-op -Wwrite-strings -DCHECK_FUNCTION_EXISTS=arc4random   -o CMakeFiles/cmTC_741c3.dir/CheckFunctionExistsEx.c.o   -c /home/leo/mycode/RunRasPi/3rdparty/libevent-2.1.11-stable/cmake/CheckFunctionExistsEx.c
Linking C executable cmTC_741c3
/usr/bin/cmake -E cmake_link_script CMakeFiles/cmTC_741c3.dir/link.txt --verbose=1
/usr/bin/cc  -Wall -Wextra -Wno-unused-parameter -Wstrict-aliasing -Wstrict-prototypes -fno-strict-aliasing -Wmissing-prototypes -Winit-self -Wmissing-field-initializers -Wdeclaration-after-statement -Waddress -Wnormalized=id -Woverride-init -Wlogical-op -Wwrite-strings -DCHECK_FUNCTION_EXISTS=arc4random    -rdynamic CMakeFiles/cmTC_741c3.dir/CheckFunctionExistsEx.c.o  -o cmTC_741c3 
CMakeFiles/cmTC_741c3.dir/CheckFunctionExistsEx.c.o: In function `main':
CheckFunctionExistsEx.c:(.text+0x10): undefined reference to `arc4random'
collect2: error: ld returned 1 exit status
CMakeFiles/cmTC_741c3.dir/build.make:97: recipe for target 'cmTC_741c3' failed
make[1]: *** [cmTC_741c3] Error 1
make[1]: Leaving directory '/home/leo/mycode/RunRasPi/3rdparty/libevent-2.1.11-stable/build/CMakeFiles/CMakeTmp'
Makefile:126: recipe for target 'cmTC_741c3/fast' failed
make: *** [cmTC_741c3/fast] Error 2


Determining if the function arc4random_buf exists failed with the following output:
Change Dir: /home/leo/mycode/RunRasPi/3rdparty/libevent-2.1.11-stable/build/CMakeFiles/CMakeTmp

Run Build Command:"/usr/bin/make" "cmTC_a4fe4/fast"
/usr/bin/make -f CMakeFiles/cmTC_a4fe4.dir/build.make CMakeFiles/cmTC_a4fe4.dir/build
make[1]: Entering directory '/home/leo/mycode/RunRasPi/3rdparty/libevent-2.1.11-stable/build/CMakeFiles/CMakeTmp'
Building C object CMakeFiles/cmTC_a4fe4.dir/CheckFunctionExistsEx.c.o
/usr/bin/cc   -Wall -Wextra -Wno-unused-parameter -Wstrict-aliasing -Wstrict-prototypes -fno-strict-aliasing -Wmissing-prototypes -Winit-self -Wmissing-field-initializers -Wdeclaration-after-statement -Waddress -Wnormalized=id -Woverride-init -Wlogical-op -Wwrite-strings -DCHECK_FUNCTION_EXISTS=arc4random_buf   -o CMakeFiles/cmTC_a4fe4.dir/CheckFunctionExistsEx.c.o   -c /home/leo/mycode/RunRasPi/3rdparty/libevent-2.1.11-stable/cmake/CheckFunctionExistsEx.c
Linking C executable cmTC_a4fe4
/usr/bin/cmake -E cmake_link_script CMakeFiles/cmTC_a4fe4.dir/link.txt --verbose=1
/usr/bin/cc  -Wall -Wextra -Wno-unused-parameter -Wstrict-aliasing -Wstrict-prototypes -fno-strict-aliasing -Wmissing-prototypes -Winit-self -Wmissing-field-initializers -Wdeclaration-after-statement -Waddress -Wnormalized=id -Woverride-init -Wlogical-op -Wwrite-strings -DCHECK_FUNCTION_EXISTS=arc4random_buf    -rdynamic CMakeFiles/cmTC_a4fe4.dir/CheckFunctionExistsEx.c.o  -o cmTC_a4fe4 
CMakeFiles/cmTC_a4fe4.dir/CheckFunctionExistsEx.c.o: In function `main':
CheckFunctionExistsEx.c:(.text+0x10): undefined reference to `arc4random_buf'
collect2: error: ld returned 1 exit status
CMakeFiles/cmTC_a4fe4.dir/build.make:97: recipe for target 'cmTC_a4fe4' failed
make[1]: *** [cmTC_a4fe4] Error 1
make[1]: Leaving directory '/home/leo/mycode/RunRasPi/3rdparty/libevent-2.1.11-stable/build/CMakeFiles/CMakeTmp'
Makefile:126: recipe for target 'cmTC_a4fe4/fast' failed
make: *** [cmTC_a4fe4/fast] Error 2


Determining if the function arc4random_addrandom exists failed with the following output:
Change Dir: /home/leo/mycode/RunRasPi/3rdparty/libevent-2.1.11-stable/build/CMakeFiles/CMakeTmp

Run Build Command:"/usr/bin/make" "cmTC_1026c/fast"
/usr/bin/make -f CMakeFiles/cmTC_1026c.dir/build.make CMakeFiles/cmTC_1026c.dir/build
make[1]: Entering directory '/home/leo/mycode/RunRasPi/3rdparty/libevent-2.1.11-stable/build/CMakeFiles/CMakeTmp'
Building C object CMakeFiles/cmTC_1026c.dir/CheckFunctionExistsEx.c.o
/usr/bin/cc   -Wall -Wextra -Wno-unused-parameter -Wstrict-aliasing -Wstrict-prototypes -fno-strict-aliasing -Wmissing-prototypes -Winit-self -Wmissing-field-initializers -Wdeclaration-after-statement -Waddress -Wnormalized=id -Woverride-init -Wlogical-op -Wwrite-strings -DCHECK_FUNCTION_EXISTS=arc4random_addrandom   -o CMakeFiles/cmTC_1026c.dir/CheckFunctionExistsEx.c.o   -c /home/leo/mycode/RunRasPi/3rdparty/libevent-2.1.11-stable/cmake/CheckFunctionExistsEx.c
Linking C executable cmTC_1026c
/usr/bin/cmake -E cmake_link_script CMakeFiles/cmTC_1026c.dir/link.txt --verbose=1
/usr/bin/cc  -Wall -Wextra -Wno-unused-parameter -Wstrict-aliasing -Wstrict-prototypes -fno-strict-aliasing -Wmissing-prototypes -Winit-self -Wmissing-field-initializers -Wdeclaration-after-statement -Waddress -Wnormalized=id -Woverride-init -Wlogical-op -Wwrite-strings -DCHECK_FUNCTION_EXISTS=arc4random_addrandom    -rdynamic CMakeFiles/cmTC_1026c.dir/CheckFunctionExistsEx.c.o  -o cmTC_1026c 
CMakeFiles/cmTC_1026c.dir/CheckFunctionExistsEx.c.o: In function `main':
CheckFunctionExistsEx.c:(.text+0x10): undefined reference to `arc4random_addrandom'
collect2: error: ld returned 1 exit status
CMakeFiles/cmTC_1026c.dir/build.make:97: recipe for target 'cmTC_1026c' failed
make[1]: *** [cmTC_1026c] Error 1
make[1]: Leaving directory '/home/leo/mycode/RunRasPi/3rdparty/libevent-2.1.11-stable/build/CMakeFiles/CMakeTmp'
Makefile:126: recipe for target 'cmTC_1026c/fast' failed
make: *** [cmTC_1026c/fast] Error 2


Determining if the function issetugid exists failed with the following output:
Change Dir: /home/leo/mycode/RunRasPi/3rdparty/libevent-2.1.11-stable/build/CMakeFiles/CMakeTmp

Run Build Command:"/usr/bin/make" "cmTC_0e69e/fast"
/usr/bin/make -f CMakeFiles/cmTC_0e69e.dir/build.make CMakeFiles/cmTC_0e69e.dir/build
make[1]: Entering directory '/home/leo/mycode/RunRasPi/3rdparty/libevent-2.1.11-stable/build/CMakeFiles/CMakeTmp'
Building C object CMakeFiles/cmTC_0e69e.dir/CheckFunctionExistsEx.c.o
/usr/bin/cc   -Wall -Wextra -Wno-unused-parameter -Wstrict-aliasing -Wstrict-prototypes -fno-strict-aliasing -Wmissing-prototypes -Winit-self -Wmissing-field-initializers -Wdeclaration-after-statement -Waddress -Wnormalized=id -Woverride-init -Wlogical-op -Wwrite-strings -DCHECK_FUNCTION_EXISTS=issetugid   -o CMakeFiles/cmTC_0e69e.dir/CheckFunctionExistsEx.c.o   -c /home/leo/mycode/RunRasPi/3rdparty/libevent-2.1.11-stable/cmake/CheckFunctionExistsEx.c
Linking C executable cmTC_0e69e
/usr/bin/cmake -E cmake_link_script CMakeFiles/cmTC_0e69e.dir/link.txt --verbose=1
/usr/bin/cc  -Wall -Wextra -Wno-unused-parameter -Wstrict-aliasing -Wstrict-prototypes -fno-strict-aliasing -Wmissing-prototypes -Winit-self -Wmissing-field-initializers -Wdeclaration-after-statement -Waddress -Wnormalized=id -Woverride-init -Wlogical-op -Wwrite-strings -DCHECK_FUNCTION_EXISTS=issetugid    -rdynamic CMakeFiles/cmTC_0e69e.dir/CheckFunctionExistsEx.c.o  -o cmTC_0e69e 
CMakeFiles/cmTC_0e69e.dir/CheckFunctionExistsEx.c.o: In function `main':
CheckFunctionExistsEx.c:(.text+0x10): undefined reference to `issetugid'
collect2: error: ld returned 1 exit status
CMakeFiles/cmTC_0e69e.dir/build.make:97: recipe for target 'cmTC_0e69e' failed
make[1]: *** [cmTC_0e69e] Error 1
make[1]: Leaving directory '/home/leo/mycode/RunRasPi/3rdparty/libevent-2.1.11-stable/build/CMakeFiles/CMakeTmp'
Makefile:126: recipe for target 'cmTC_0e69e/fast' failed
make: *** [cmTC_0e69e/fast] Error 2


Determining if the function mach_absolute_time exists failed with the following output:
Change Dir: /home/leo/mycode/RunRasPi/3rdparty/libevent-2.1.11-stable/build/CMakeFiles/CMakeTmp

Run Build Command:"/usr/bin/make" "cmTC_ea8c2/fast"
/usr/bin/make -f CMakeFiles/cmTC_ea8c2.dir/build.make CMakeFiles/cmTC_ea8c2.dir/build
make[1]: Entering directory '/home/leo/mycode/RunRasPi/3rdparty/libevent-2.1.11-stable/build/CMakeFiles/CMakeTmp'
Building C object CMakeFiles/cmTC_ea8c2.dir/CheckFunctionExistsEx.c.o
/usr/bin/cc   -Wall -Wextra -Wno-unused-parameter -Wstrict-aliasing -Wstrict-prototypes -fno-strict-aliasing -Wmissing-prototypes -Winit-self -Wmissing-field-initializers -Wdeclaration-after-statement -Waddress -Wnormalized=id -Woverride-init -Wlogical-op -Wwrite-strings -DCHECK_FUNCTION_EXISTS=mach_absolute_time   -o CMakeFiles/cmTC_ea8c2.dir/CheckFunctionExistsEx.c.o   -c /home/leo/mycode/RunRasPi/3rdparty/libevent-2.1.11-stable/cmake/CheckFunctionExistsEx.c
Linking C executable cmTC_ea8c2
/usr/bin/cmake -E cmake_link_script CMakeFiles/cmTC_ea8c2.dir/link.txt --verbose=1
/usr/bin/cc  -Wall -Wextra -Wno-unused-parameter -Wstrict-aliasing -Wstrict-prototypes -fno-strict-aliasing -Wmissing-prototypes -Winit-self -Wmissing-field-initializers -Wdeclaration-after-statement -Waddress -Wnormalized=id -Woverride-init -Wlogical-op -Wwrite-strings -DCHECK_FUNCTION_EXISTS=mach_absolute_time    -rdynamic CMakeFiles/cmTC_ea8c2.dir/CheckFunctionExistsEx.c.o  -o cmTC_ea8c2 
CMakeFiles/cmTC_ea8c2.dir/CheckFunctionExistsEx.c.o: In function `main':
CheckFunctionExistsEx.c:(.text+0x10): undefined reference to `mach_absolute_time'
collect2: error: ld returned 1 exit status
CMakeFiles/cmTC_ea8c2.dir/build.make:97: recipe for target 'cmTC_ea8c2' failed
make[1]: *** [cmTC_ea8c2] Error 1
make[1]: Leaving directory '/home/leo/mycode/RunRasPi/3rdparty/libevent-2.1.11-stable/build/CMakeFiles/CMakeTmp'
Makefile:126: recipe for target 'cmTC_ea8c2/fast' failed
make: *** [cmTC_ea8c2/fast] Error 2


Determining if the function timeradd exists failed with the following output:
Change Dir: /home/leo/mycode/RunRasPi/3rdparty/libevent-2.1.11-stable/build/CMakeFiles/CMakeTmp

Run Build Command:"/usr/bin/make" "cmTC_b0e0b/fast"
/usr/bin/make -f CMakeFiles/cmTC_b0e0b.dir/build.make CMakeFiles/cmTC_b0e0b.dir/build
make[1]: Entering directory '/home/leo/mycode/RunRasPi/3rdparty/libevent-2.1.11-stable/build/CMakeFiles/CMakeTmp'
Building C object CMakeFiles/cmTC_b0e0b.dir/CheckFunctionExistsEx.c.o
/usr/bin/cc   -Wall -Wextra -Wno-unused-parameter -Wstrict-aliasing -Wstrict-prototypes -fno-strict-aliasing -Wmissing-prototypes -Winit-self -Wmissing-field-initializers -Wdeclaration-after-statement -Waddress -Wnormalized=id -Woverride-init -Wlogical-op -Wwrite-strings -DCHECK_FUNCTION_EXISTS=timeradd   -o CMakeFiles/cmTC_b0e0b.dir/CheckFunctionExistsEx.c.o   -c /home/leo/mycode/RunRasPi/3rdparty/libevent-2.1.11-stable/cmake/CheckFunctionExistsEx.c
Linking C executable cmTC_b0e0b
/usr/bin/cmake -E cmake_link_script CMakeFiles/cmTC_b0e0b.dir/link.txt --verbose=1
/usr/bin/cc  -Wall -Wextra -Wno-unused-parameter -Wstrict-aliasing -Wstrict-prototypes -fno-strict-aliasing -Wmissing-prototypes -Winit-self -Wmissing-field-initializers -Wdeclaration-after-statement -Waddress -Wnormalized=id -Woverride-init -Wlogical-op -Wwrite-strings -DCHECK_FUNCTION_EXISTS=timeradd    -rdynamic CMakeFiles/cmTC_b0e0b.dir/CheckFunctionExistsEx.c.o  -o cmTC_b0e0b 
CMakeFiles/cmTC_b0e0b.dir/CheckFunctionExistsEx.c.o: In function `main':
CheckFunctionExistsEx.c:(.text+0x10): undefined reference to `timeradd'
collect2: error: ld returned 1 exit status
CMakeFiles/cmTC_b0e0b.dir/build.make:97: recipe for target 'cmTC_b0e0b' failed
make[1]: *** [cmTC_b0e0b] Error 1
make[1]: Leaving directory '/home/leo/mycode/RunRasPi/3rdparty/libevent-2.1.11-stable/build/CMakeFiles/CMakeTmp'
Makefile:126: recipe for target 'cmTC_b0e0b/fast' failed
make: *** [cmTC_b0e0b/fast] Error 2


Determining if the function timerclear exists failed with the following output:
Change Dir: /home/leo/mycode/RunRasPi/3rdparty/libevent-2.1.11-stable/build/CMakeFiles/CMakeTmp

Run Build Command:"/usr/bin/make" "cmTC_59cca/fast"
/usr/bin/make -f CMakeFiles/cmTC_59cca.dir/build.make CMakeFiles/cmTC_59cca.dir/build
make[1]: Entering directory '/home/leo/mycode/RunRasPi/3rdparty/libevent-2.1.11-stable/build/CMakeFiles/CMakeTmp'
Building C object CMakeFiles/cmTC_59cca.dir/CheckFunctionExistsEx.c.o
/usr/bin/cc   -Wall -Wextra -Wno-unused-parameter -Wstrict-aliasing -Wstrict-prototypes -fno-strict-aliasing -Wmissing-prototypes -Winit-self -Wmissing-field-initializers -Wdeclaration-after-statement -Waddress -Wnormalized=id -Woverride-init -Wlogical-op -Wwrite-strings -DCHECK_FUNCTION_EXISTS=timerclear   -o CMakeFiles/cmTC_59cca.dir/CheckFunctionExistsEx.c.o   -c /home/leo/mycode/RunRasPi/3rdparty/libevent-2.1.11-stable/cmake/CheckFunctionExistsEx.c
Linking C executable cmTC_59cca
/usr/bin/cmake -E cmake_link_script CMakeFiles/cmTC_59cca.dir/link.txt --verbose=1
/usr/bin/cc  -Wall -Wextra -Wno-unused-parameter -Wstrict-aliasing -Wstrict-prototypes -fno-strict-aliasing -Wmissing-prototypes -Winit-self -Wmissing-field-initializers -Wdeclaration-after-statement -Waddress -Wnormalized=id -Woverride-init -Wlogical-op -Wwrite-strings -DCHECK_FUNCTION_EXISTS=timerclear    -rdynamic CMakeFiles/cmTC_59cca.dir/CheckFunctionExistsEx.c.o  -o cmTC_59cca 
CMakeFiles/cmTC_59cca.dir/CheckFunctionExistsEx.c.o: In function `main':
CheckFunctionExistsEx.c:(.text+0x10): undefined reference to `timerclear'
collect2: error: ld returned 1 exit status
CMakeFiles/cmTC_59cca.dir/build.make:97: recipe for target 'cmTC_59cca' failed
make[1]: *** [cmTC_59cca] Error 1
make[1]: Leaving directory '/home/leo/mycode/RunRasPi/3rdparty/libevent-2.1.11-stable/build/CMakeFiles/CMakeTmp'
Makefile:126: recipe for target 'cmTC_59cca/fast' failed
make: *** [cmTC_59cca/fast] Error 2


Determining if the function timercmp exists failed with the following output:
Change Dir: /home/leo/mycode/RunRasPi/3rdparty/libevent-2.1.11-stable/build/CMakeFiles/CMakeTmp

Run Build Command:"/usr/bin/make" "cmTC_3c14a/fast"
/usr/bin/make -f CMakeFiles/cmTC_3c14a.dir/build.make CMakeFiles/cmTC_3c14a.dir/build
make[1]: Entering directory '/home/leo/mycode/RunRasPi/3rdparty/libevent-2.1.11-stable/build/CMakeFiles/CMakeTmp'
Building C object CMakeFiles/cmTC_3c14a.dir/CheckFunctionExistsEx.c.o
/usr/bin/cc   -Wall -Wextra -Wno-unused-parameter -Wstrict-aliasing -Wstrict-prototypes -fno-strict-aliasing -Wmissing-prototypes -Winit-self -Wmissing-field-initializers -Wdeclaration-after-statement -Waddress -Wnormalized=id -Woverride-init -Wlogical-op -Wwrite-strings -DCHECK_FUNCTION_EXISTS=timercmp   -o CMakeFiles/cmTC_3c14a.dir/CheckFunctionExistsEx.c.o   -c /home/leo/mycode/RunRasPi/3rdparty/libevent-2.1.11-stable/cmake/CheckFunctionExistsEx.c
Linking C executable cmTC_3c14a
/usr/bin/cmake -E cmake_link_script CMakeFiles/cmTC_3c14a.dir/link.txt --verbose=1
/usr/bin/cc  -Wall -Wextra -Wno-unused-parameter -Wstrict-aliasing -Wstrict-prototypes -fno-strict-aliasing -Wmissing-prototypes -Winit-self -Wmissing-field-initializers -Wdeclaration-after-statement -Waddress -Wnormalized=id -Woverride-init -Wlogical-op -Wwrite-strings -DCHECK_FUNCTION_EXISTS=timercmp    -rdynamic CMakeFiles/cmTC_3c14a.dir/CheckFunctionExistsEx.c.o  -o cmTC_3c14a 
CMakeFiles/cmTC_3c14a.dir/CheckFunctionExistsEx.c.o: In function `main':
CheckFunctionExistsEx.c:(.text+0x10): undefined reference to `timercmp'
collect2: error: ld returned 1 exit status
CMakeFiles/cmTC_3c14a.dir/build.make:97: recipe for target 'cmTC_3c14a' failed
make[1]: *** [cmTC_3c14a] Error 1
make[1]: Leaving directory '/home/leo/mycode/RunRasPi/3rdparty/libevent-2.1.11-stable/build/CMakeFiles/CMakeTmp'
Makefile:126: recipe for target 'cmTC_3c14a/fast' failed
make: *** [cmTC_3c14a/fast] Error 2


Determining if the function timerisset exists failed with the following output:
Change Dir: /home/leo/mycode/RunRasPi/3rdparty/libevent-2.1.11-stable/build/CMakeFiles/CMakeTmp

Run Build Command:"/usr/bin/make" "cmTC_b9eda/fast"
/usr/bin/make -f CMakeFiles/cmTC_b9eda.dir/build.make CMakeFiles/cmTC_b9eda.dir/build
make[1]: Entering directory '/home/leo/mycode/RunRasPi/3rdparty/libevent-2.1.11-stable/build/CMakeFiles/CMakeTmp'
Building C object CMakeFiles/cmTC_b9eda.dir/CheckFunctionExistsEx.c.o
/usr/bin/cc   -Wall -Wextra -Wno-unused-parameter -Wstrict-aliasing -Wstrict-prototypes -fno-strict-aliasing -Wmissing-prototypes -Winit-self -Wmissing-field-initializers -Wdeclaration-after-statement -Waddress -Wnormalized=id -Woverride-init -Wlogical-op -Wwrite-strings -DCHECK_FUNCTION_EXISTS=timerisset   -o CMakeFiles/cmTC_b9eda.dir/CheckFunctionExistsEx.c.o   -c /home/leo/mycode/RunRasPi/3rdparty/libevent-2.1.11-stable/cmake/CheckFunctionExistsEx.c
Linking C executable cmTC_b9eda
/usr/bin/cmake -E cmake_link_script CMakeFiles/cmTC_b9eda.dir/link.txt --verbose=1
/usr/bin/cc  -Wall -Wextra -Wno-unused-parameter -Wstrict-aliasing -Wstrict-prototypes -fno-strict-aliasing -Wmissing-prototypes -Winit-self -Wmissing-field-initializers -Wdeclaration-after-statement -Waddress -Wnormalized=id -Woverride-init -Wlogical-op -Wwrite-strings -DCHECK_FUNCTION_EXISTS=timerisset    -rdynamic CMakeFiles/cmTC_b9eda.dir/CheckFunctionExistsEx.c.o  -o cmTC_b9eda 
CMakeFiles/cmTC_b9eda.dir/CheckFunctionExistsEx.c.o: In function `main':
CheckFunctionExistsEx.c:(.text+0x10): undefined reference to `timerisset'
collect2: error: ld returned 1 exit status
CMakeFiles/cmTC_b9eda.dir/build.make:97: recipe for target 'cmTC_b9eda' failed
make[1]: *** [cmTC_b9eda] Error 1
make[1]: Leaving directory '/home/leo/mycode/RunRasPi/3rdparty/libevent-2.1.11-stable/build/CMakeFiles/CMakeTmp'
Makefile:126: recipe for target 'cmTC_b9eda/fast' failed
make: *** [cmTC_b9eda/fast] Error 2


Determining if the prototype gethostbyname_r exists for EVENT__HAVE_GETHOSTBYNAME_R_3_ARG failed with the following output:
Change Dir: /home/leo/mycode/RunRasPi/3rdparty/libevent-2.1.11-stable/build/CMakeFiles/CMakeTmp

Run Build Command:"/usr/bin/make" "cmTC_9e87f/fast"
/usr/bin/make -f CMakeFiles/cmTC_9e87f.dir/build.make CMakeFiles/cmTC_9e87f.dir/build
make[1]: Entering directory '/home/leo/mycode/RunRasPi/3rdparty/libevent-2.1.11-stable/build/CMakeFiles/CMakeTmp'
Building C object CMakeFiles/cmTC_9e87f.dir/CheckPrototypeDefinition.c.o
/usr/bin/cc   -Wall -Wextra -Wno-unused-parameter -Wstrict-aliasing -Wstrict-prototypes -fno-strict-aliasing -Wmissing-prototypes -Winit-self -Wmissing-field-initializers -Wdeclaration-after-statement -Waddress -Wnormalized=id -Woverride-init -Wlogical-op -Wwrite-strings    -o CMakeFiles/cmTC_9e87f.dir/CheckPrototypeDefinition.c.o   -c /home/leo/mycode/RunRasPi/3rdparty/libevent-2.1.11-stable/build/CMakeFiles/CMakeTmp/CheckPrototypeDefinition.c
/home/leo/mycode/RunRasPi/3rdparty/libevent-2.1.11-stable/build/CMakeFiles/CMakeTmp/CheckPrototypeDefinition.c:14:66: warning: ‘struct hostent_data’ declared inside parameter list will not be visible outside of this definition or declaration
 int gethostbyname_r(const char *name, struct hostent *hp, struct hostent_data *hdata) {
                                                                  ^~~~~~~~~~~~
/home/leo/mycode/RunRasPi/3rdparty/libevent-2.1.11-stable/build/CMakeFiles/CMakeTmp/CheckPrototypeDefinition.c:14:5: error: conflicting types for ‘gethostbyname_r’
 int gethostbyname_r(const char *name, struct hostent *hp, struct hostent_data *hdata) {
     ^~~~~~~~~~~~~~~
In file included from /home/leo/mycode/RunRasPi/3rdparty/libevent-2.1.11-stable/build/CMakeFiles/CMakeTmp/CheckPrototypeDefinition.c:1:0:
/usr/include/netdb.h:177:12: note: previous declaration of ‘gethostbyname_r’ was here
 extern int gethostbyname_r (const char *__restrict __name,
            ^~~~~~~~~~~~~~~
CMakeFiles/cmTC_9e87f.dir/build.make:65: recipe for target 'CMakeFiles/cmTC_9e87f.dir/CheckPrototypeDefinition.c.o' failed
make[1]: *** [CMakeFiles/cmTC_9e87f.dir/CheckPrototypeDefinition.c.o] Error 1
make[1]: Leaving directory '/home/leo/mycode/RunRasPi/3rdparty/libevent-2.1.11-stable/build/CMakeFiles/CMakeTmp'
Makefile:126: recipe for target 'cmTC_9e87f/fast' failed
make: *** [cmTC_9e87f/fast] Error 2


#include <netdb.h>


static void cmakeRequireSymbol(int dummy, ...) {
  (void) dummy;
}

static void checkSymbol(void) {
#ifndef gethostbyname_r
  cmakeRequireSymbol(0, &gethostbyname_r);
#endif
}

int gethostbyname_r(const char *name, struct hostent *hp, struct hostent_data *hdata) {
  return 0;
}

#ifdef __CLASSIC_C__
int main() {
  int ac;
  char*av[];
#else
int main(int ac, char *av[]) {
#endif
  checkSymbol();
  if (ac > 1000) {
    return *av[0];
  }
  return 0;
}


Determining if the prototype gethostbyname_r exists for EVENT__HAVE_GETHOSTBYNAME_R_5_ARG failed with the following output:
Change Dir: /home/leo/mycode/RunRasPi/3rdparty/libevent-2.1.11-stable/build/CMakeFiles/CMakeTmp

Run Build Command:"/usr/bin/make" "cmTC_1514a/fast"
/usr/bin/make -f CMakeFiles/cmTC_1514a.dir/build.make CMakeFiles/cmTC_1514a.dir/build
make[1]: Entering directory '/home/leo/mycode/RunRasPi/3rdparty/libevent-2.1.11-stable/build/CMakeFiles/CMakeTmp'
Building C object CMakeFiles/cmTC_1514a.dir/CheckPrototypeDefinition.c.o
/usr/bin/cc   -Wall -Wextra -Wno-unused-parameter -Wstrict-aliasing -Wstrict-prototypes -fno-strict-aliasing -Wmissing-prototypes -Winit-self -Wmissing-field-initializers -Wdeclaration-after-statement -Waddress -Wnormalized=id -Woverride-init -Wlogical-op -Wwrite-strings    -o CMakeFiles/cmTC_1514a.dir/CheckPrototypeDefinition.c.o   -c /home/leo/mycode/RunRasPi/3rdparty/libevent-2.1.11-stable/build/CMakeFiles/CMakeTmp/CheckPrototypeDefinition.c
/home/leo/mycode/RunRasPi/3rdparty/libevent-2.1.11-stable/build/CMakeFiles/CMakeTmp/CheckPrototypeDefinition.c:14:17: error: conflicting types for ‘gethostbyname_r’
 struct hostent *gethostbyname_r(const char *name, struct hostent *hp, char *buf, size_t buflen, int *herr) {
                 ^~~~~~~~~~~~~~~
In file included from /home/leo/mycode/RunRasPi/3rdparty/libevent-2.1.11-stable/build/CMakeFiles/CMakeTmp/CheckPrototypeDefinition.c:1:0:
/usr/include/netdb.h:177:12: note: previous declaration of ‘gethostbyname_r’ was here
 extern int gethostbyname_r (const char *__restrict __name,
            ^~~~~~~~~~~~~~~
/home/leo/mycode/RunRasPi/3rdparty/libevent-2.1.11-stable/build/CMakeFiles/CMakeTmp/CheckPrototypeDefinition.c: In function ‘gethostbyname_r’:
/home/leo/mycode/RunRasPi/3rdparty/libevent-2.1.11-stable/build/CMakeFiles/CMakeTmp/CheckPrototypeDefinition.c:15:10: error: ‘NULL’ undeclared (first use in this function)
   return NULL;
          ^~~~
/home/leo/mycode/RunRasPi/3rdparty/libevent-2.1.11-stable/build/CMakeFiles/CMakeTmp/CheckPrototypeDefinition.c:15:10: note: each undeclared identifier is reported only once for each function it appears in
/home/leo/mycode/RunRasPi/3rdparty/libevent-2.1.11-stable/build/CMakeFiles/CMakeTmp/CheckPrototypeDefinition.c:16:1: warning: control reaches end of non-void function [-Wreturn-type]
 }
 ^
CMakeFiles/cmTC_1514a.dir/build.make:65: recipe for target 'CMakeFiles/cmTC_1514a.dir/CheckPrototypeDefinition.c.o' failed
make[1]: *** [CMakeFiles/cmTC_1514a.dir/CheckPrototypeDefinition.c.o] Error 1
make[1]: Leaving directory '/home/leo/mycode/RunRasPi/3rdparty/libevent-2.1.11-stable/build/CMakeFiles/CMakeTmp'
Makefile:126: recipe for target 'cmTC_1514a/fast' failed
make: *** [cmTC_1514a/fast] Error 2


#include <netdb.h>


static void cmakeRequireSymbol(int dummy, ...) {
  (void) dummy;
}

static void checkSymbol(void) {
#ifndef gethostbyname_r
  cmakeRequireSymbol(0, &gethostbyname_r);
#endif
}

struct hostent *gethostbyname_r(const char *name, struct hostent *hp, char *buf, size_t buflen, int *herr) {
  return NULL;
}

#ifdef __CLASSIC_C__
int main() {
  int ac;
  char*av[];
#else
int main(int ac, char *av[]) {
#endif
  checkSymbol();
  if (ac > 1000) {
    return *av[0];
  }
  return 0;
}


Performing C SOURCE FILE Test EVENT__HAVE_DECL_KERN_ARND failed with the following output:
Change Dir: /home/leo/mycode/RunRasPi/3rdparty/libevent-2.1.11-stable/build/CMakeFiles/CMakeTmp

Run Build Command:"/usr/bin/make" "cmTC_f2959/fast"
/usr/bin/make -f CMakeFiles/cmTC_f2959.dir/build.make CMakeFiles/cmTC_f2959.dir/build
make[1]: Entering directory '/home/leo/mycode/RunRasPi/3rdparty/libevent-2.1.11-stable/build/CMakeFiles/CMakeTmp'
Building C object CMakeFiles/cmTC_f2959.dir/src.c.o
/usr/bin/cc   -Wall -Wextra -Wno-unused-parameter -Wstrict-aliasing -Wstrict-prototypes -fno-strict-aliasing -Wmissing-prototypes -Winit-self -Wmissing-field-initializers -Wdeclaration-after-statement -Waddress -Wnormalized=id -Woverride-init -Wlogical-op -Wwrite-strings -DEVENT__HAVE_DECL_KERN_ARND   -o CMakeFiles/cmTC_f2959.dir/src.c.o   -c /home/leo/mycode/RunRasPi/3rdparty/libevent-2.1.11-stable/build/CMakeFiles/CMakeTmp/src.c
/home/leo/mycode/RunRasPi/3rdparty/libevent-2.1.11-stable/build/CMakeFiles/CMakeTmp/src.c:3:13: warning: function declaration isn’t a prototype [-Wstrict-prototypes]
         int main() { (void)KERN_ARND; return 0; }
             ^~~~
/home/leo/mycode/RunRasPi/3rdparty/libevent-2.1.11-stable/build/CMakeFiles/CMakeTmp/src.c: In function ‘main’:
/home/leo/mycode/RunRasPi/3rdparty/libevent-2.1.11-stable/build/CMakeFiles/CMakeTmp/src.c:3:28: error: ‘KERN_ARND’ undeclared (first use in this function); did you mean ‘KERN_ACCT’?
         int main() { (void)KERN_ARND; return 0; }
                            ^~~~~~~~~
                            KERN_ACCT
/home/leo/mycode/RunRasPi/3rdparty/libevent-2.1.11-stable/build/CMakeFiles/CMakeTmp/src.c:3:28: note: each undeclared identifier is reported only once for each function it appears in
CMakeFiles/cmTC_f2959.dir/build.make:65: recipe for target 'CMakeFiles/cmTC_f2959.dir/src.c.o' failed
make[1]: *** [CMakeFiles/cmTC_f2959.dir/src.c.o] Error 1
make[1]: Leaving directory '/home/leo/mycode/RunRasPi/3rdparty/libevent-2.1.11-stable/build/CMakeFiles/CMakeTmp'
Makefile:126: recipe for target 'cmTC_f2959/fast' failed
make: *** [cmTC_f2959/fast] Error 2

Source file was:

          #include <sys/sysctl.h>
        int main() { (void)KERN_ARND; return 0; }
Determining size of SSIZE_T failed with the following output:
Change Dir: /home/leo/mycode/RunRasPi/3rdparty/libevent-2.1.11-stable/build/CMakeFiles/CMakeTmp

Run Build Command:"/usr/bin/make" "cmTC_ce17d/fast"
/usr/bin/make -f CMakeFiles/cmTC_ce17d.dir/build.make CMakeFiles/cmTC_ce17d.dir/build
make[1]: Entering directory '/home/leo/mycode/RunRasPi/3rdparty/libevent-2.1.11-stable/build/CMakeFiles/CMakeTmp'
Building C object CMakeFiles/cmTC_ce17d.dir/EVENT__SIZEOF_SSIZE_T_UPPER.c.o
/usr/bin/cc   -Wall -Wextra -Wno-unused-parameter -Wstrict-aliasing -Wstrict-prototypes -fno-strict-aliasing -Wmissing-prototypes -Winit-self -Wmissing-field-initializers -Wdeclaration-after-statement -Waddress -Wnormalized=id -Woverride-init -Wlogical-op -Wwrite-strings    -o CMakeFiles/cmTC_ce17d.dir/EVENT__SIZEOF_SSIZE_T_UPPER.c.o   -c /home/leo/mycode/RunRasPi/3rdparty/libevent-2.1.11-stable/build/CMakeFiles/CheckTypeSize/EVENT__SIZEOF_SSIZE_T_UPPER.c
/home/leo/mycode/RunRasPi/3rdparty/libevent-2.1.11-stable/build/CMakeFiles/CheckTypeSize/EVENT__SIZEOF_SSIZE_T_UPPER.c:29:22: error: ‘SSIZE_T’ undeclared here (not in a function); did you mean ‘_SIZE_T’?
 #define SIZE (sizeof(SSIZE_T))
                      ^
/home/leo/mycode/RunRasPi/3rdparty/libevent-2.1.11-stable/build/CMakeFiles/CheckTypeSize/EVENT__SIZEOF_SSIZE_T_UPPER.c:31:12: note: in expansion of macro ‘SIZE’
   ('0' + ((SIZE / 10000)%10)),
            ^~~~
CMakeFiles/cmTC_ce17d.dir/build.make:65: recipe for target 'CMakeFiles/cmTC_ce17d.dir/EVENT__SIZEOF_SSIZE_T_UPPER.c.o' failed
make[1]: *** [CMakeFiles/cmTC_ce17d.dir/EVENT__SIZEOF_SSIZE_T_UPPER.c.o] Error 1
make[1]: Leaving directory '/home/leo/mycode/RunRasPi/3rdparty/libevent-2.1.11-stable/build/CMakeFiles/CMakeTmp'
Makefile:126: recipe for target 'cmTC_ce17d/fast' failed
make: *** [cmTC_ce17d/fast] Error 2

/home/leo/mycode/RunRasPi/3rdparty/libevent-2.1.11-stable/build/CMakeFiles/CheckTypeSize/EVENT__SIZEOF_SSIZE_T_UPPER.c:
#include <sys/types.h>
#include <stdint.h>
#include <stddef.h>
#include "sys/types.h"
#include "sys/socket.h"
#include "netinet/in.h"
#include "sys/un.h"
#include "fcntl.h"
#include "sys/time.h"


#undef KEY
#if defined(__i386)
# define KEY '_','_','i','3','8','6'
#elif defined(__x86_64)
# define KEY '_','_','x','8','6','_','6','4'
#elif defined(__ppc__)
# define KEY '_','_','p','p','c','_','_'
#elif defined(__ppc64__)
# define KEY '_','_','p','p','c','6','4','_','_'
#elif defined(__aarch64__)
# define KEY '_','_','a','a','r','c','h','6','4','_','_'
#elif defined(__ARM_ARCH_7A__)
# define KEY '_','_','A','R','M','_','A','R','C','H','_','7','A','_','_'
#elif defined(__ARM_ARCH_7S__)
# define KEY '_','_','A','R','M','_','A','R','C','H','_','7','S','_','_'
#endif

#define SIZE (sizeof(SSIZE_T))
char info_size[] =  {'I', 'N', 'F', 'O', ':', 's','i','z','e','[',
  ('0' + ((SIZE / 10000)%10)),
  ('0' + ((SIZE / 1000)%10)),
  ('0' + ((SIZE / 100)%10)),
  ('0' + ((SIZE / 10)%10)),
  ('0' +  (SIZE    % 10)),
  ']',
#ifdef KEY
  ' ','k','e','y','[', KEY, ']',
#endif
  '\0'};

#ifdef __CLASSIC_C__
int main(argc, argv) int argc; char *argv[];
#else
int main(int argc, char *argv[])
#endif
{
  int require = 0;
  require += info_size[argc];
  (void)argv;
  return require;
}


Performing C SOURCE FILE Test EVENT__HAVE_STRUCT_SOCKADDR_IN6_SIN6_LEN failed with the following output:
Change Dir: /home/leo/mycode/RunRasPi/3rdparty/libevent-2.1.11-stable/build/CMakeFiles/CMakeTmp

Run Build Command:"/usr/bin/make" "cmTC_1c01a/fast"
/usr/bin/make -f CMakeFiles/cmTC_1c01a.dir/build.make CMakeFiles/cmTC_1c01a.dir/build
make[1]: Entering directory '/home/leo/mycode/RunRasPi/3rdparty/libevent-2.1.11-stable/build/CMakeFiles/CMakeTmp'
Building C object CMakeFiles/cmTC_1c01a.dir/src.c.o
/usr/bin/cc   -Wall -Wextra -Wno-unused-parameter -Wstrict-aliasing -Wstrict-prototypes -fno-strict-aliasing -Wmissing-prototypes -Winit-self -Wmissing-field-initializers -Wdeclaration-after-statement -Waddress -Wnormalized=id -Woverride-init -Wlogical-op -Wwrite-strings -DEVENT__HAVE_STRUCT_SOCKADDR_IN6_SIN6_LEN   -o CMakeFiles/cmTC_1c01a.dir/src.c.o   -c /home/leo/mycode/RunRasPi/3rdparty/libevent-2.1.11-stable/build/CMakeFiles/CMakeTmp/src.c
/home/leo/mycode/RunRasPi/3rdparty/libevent-2.1.11-stable/build/CMakeFiles/CMakeTmp/src.c:6:5: warning: function declaration isn’t a prototype [-Wstrict-prototypes]
 int main()
     ^~~~
/home/leo/mycode/RunRasPi/3rdparty/libevent-2.1.11-stable/build/CMakeFiles/CMakeTmp/src.c: In function ‘main’:
/home/leo/mycode/RunRasPi/3rdparty/libevent-2.1.11-stable/build/CMakeFiles/CMakeTmp/src.c:8:45: error: ‘struct sockaddr_in6’ has no member named ‘sin6_len’; did you mean ‘sin6_port’?
    (void)sizeof(((struct sockaddr_in6 *)0)->sin6_len);
                                             ^~~~~~~~
                                             sin6_port
CMakeFiles/cmTC_1c01a.dir/build.make:65: recipe for target 'CMakeFiles/cmTC_1c01a.dir/src.c.o' failed
make[1]: *** [CMakeFiles/cmTC_1c01a.dir/src.c.o] Error 1
make[1]: Leaving directory '/home/leo/mycode/RunRasPi/3rdparty/libevent-2.1.11-stable/build/CMakeFiles/CMakeTmp'
Makefile:126: recipe for target 'cmTC_1c01a/fast' failed
make: *** [cmTC_1c01a/fast] Error 2

Source file was:

#include <netinet/in.h>
#include <sys/socket.h>
#include <netdb.h>

int main()
{
   (void)sizeof(((struct sockaddr_in6 *)0)->sin6_len);
   return 0;
}

Performing C SOURCE FILE Test EVENT__HAVE_STRUCT_SOCKADDR_IN_SIN_LEN failed with the following output:
Change Dir: /home/leo/mycode/RunRasPi/3rdparty/libevent-2.1.11-stable/build/CMakeFiles/CMakeTmp

Run Build Command:"/usr/bin/make" "cmTC_5a7cc/fast"
/usr/bin/make -f CMakeFiles/cmTC_5a7cc.dir/build.make CMakeFiles/cmTC_5a7cc.dir/build
make[1]: Entering directory '/home/leo/mycode/RunRasPi/3rdparty/libevent-2.1.11-stable/build/CMakeFiles/CMakeTmp'
Building C object CMakeFiles/cmTC_5a7cc.dir/src.c.o
/usr/bin/cc   -Wall -Wextra -Wno-unused-parameter -Wstrict-aliasing -Wstrict-prototypes -fno-strict-aliasing -Wmissing-prototypes -Winit-self -Wmissing-field-initializers -Wdeclaration-after-statement -Waddress -Wnormalized=id -Woverride-init -Wlogical-op -Wwrite-strings -DEVENT__HAVE_STRUCT_SOCKADDR_IN_SIN_LEN   -o CMakeFiles/cmTC_5a7cc.dir/src.c.o   -c /home/leo/mycode/RunRasPi/3rdparty/libevent-2.1.11-stable/build/CMakeFiles/CMakeTmp/src.c
/home/leo/mycode/RunRasPi/3rdparty/libevent-2.1.11-stable/build/CMakeFiles/CMakeTmp/src.c:6:5: warning: function declaration isn’t a prototype [-Wstrict-prototypes]
 int main()
     ^~~~
/home/leo/mycode/RunRasPi/3rdparty/libevent-2.1.11-stable/build/CMakeFiles/CMakeTmp/src.c: In function ‘main’:
/home/leo/mycode/RunRasPi/3rdparty/libevent-2.1.11-stable/build/CMakeFiles/CMakeTmp/src.c:8:43: error: ‘struct sockaddr_in6’ has no member named ‘sin_len’
    (void)sizeof(((struct sockaddr_in6 *)0)->sin_len);
                                           ^~
CMakeFiles/cmTC_5a7cc.dir/build.make:65: recipe for target 'CMakeFiles/cmTC_5a7cc.dir/src.c.o' failed
make[1]: *** [CMakeFiles/cmTC_5a7cc.dir/src.c.o] Error 1
make[1]: Leaving directory '/home/leo/mycode/RunRasPi/3rdparty/libevent-2.1.11-stable/build/CMakeFiles/CMakeTmp'
Makefile:126: recipe for target 'cmTC_5a7cc/fast' failed
make: *** [cmTC_5a7cc/fast] Error 2

Source file was:

#include <netinet/in.h>
#include <sys/socket.h>
#include <netdb.h>

int main()
{
   (void)sizeof(((struct sockaddr_in6 *)0)->sin_len);
   return 0;
}

Performing C SOURCE FILE Test EVENT__HAVE_STRUCT_SOCKADDR_STORAGE___SS_FAMILY failed with the following output:
Change Dir: /home/leo/mycode/RunRasPi/3rdparty/libevent-2.1.11-stable/build/CMakeFiles/CMakeTmp

Run Build Command:"/usr/bin/make" "cmTC_4806a/fast"
/usr/bin/make -f CMakeFiles/cmTC_4806a.dir/build.make CMakeFiles/cmTC_4806a.dir/build
make[1]: Entering directory '/home/leo/mycode/RunRasPi/3rdparty/libevent-2.1.11-stable/build/CMakeFiles/CMakeTmp'
Building C object CMakeFiles/cmTC_4806a.dir/src.c.o
/usr/bin/cc   -Wall -Wextra -Wno-unused-parameter -Wstrict-aliasing -Wstrict-prototypes -fno-strict-aliasing -Wmissing-prototypes -Winit-self -Wmissing-field-initializers -Wdeclaration-after-statement -Waddress -Wnormalized=id -Woverride-init -Wlogical-op -Wwrite-strings -DEVENT__HAVE_STRUCT_SOCKADDR_STORAGE___SS_FAMILY   -o CMakeFiles/cmTC_4806a.dir/src.c.o   -c /home/leo/mycode/RunRasPi/3rdparty/libevent-2.1.11-stable/build/CMakeFiles/CMakeTmp/src.c
/home/leo/mycode/RunRasPi/3rdparty/libevent-2.1.11-stable/build/CMakeFiles/CMakeTmp/src.c:6:5: warning: function declaration isn’t a prototype [-Wstrict-prototypes]
 int main()
     ^~~~
/home/leo/mycode/RunRasPi/3rdparty/libevent-2.1.11-stable/build/CMakeFiles/CMakeTmp/src.c: In function ‘main’:
/home/leo/mycode/RunRasPi/3rdparty/libevent-2.1.11-stable/build/CMakeFiles/CMakeTmp/src.c:8:49: error: ‘struct sockaddr_storage’ has no member named ‘__ss_family’; did you mean ‘ss_family’?
    (void)sizeof(((struct sockaddr_storage *)0)->__ss_family);
                                                 ^~~~~~~~~~~
                                                 ss_family
CMakeFiles/cmTC_4806a.dir/build.make:65: recipe for target 'CMakeFiles/cmTC_4806a.dir/src.c.o' failed
make[1]: *** [CMakeFiles/cmTC_4806a.dir/src.c.o] Error 1
make[1]: Leaving directory '/home/leo/mycode/RunRasPi/3rdparty/libevent-2.1.11-stable/build/CMakeFiles/CMakeTmp'
Makefile:126: recipe for target 'cmTC_4806a/fast' failed
make: *** [cmTC_4806a/fast] Error 2

Source file was:

#include <netinet/in.h>
#include <sys/socket.h>
#include <netdb.h>

int main()
{
   (void)sizeof(((struct sockaddr_storage *)0)->__ss_family);
   return 0;
}

Determining if the pthread_create exist failed with the following output:
Change Dir: /home/leo/mycode/RunRasPi/3rdparty/libevent-2.1.11-stable/build/CMakeFiles/CMakeTmp

Run Build Command:"/usr/bin/make" "cmTC_d6b83/fast"
/usr/bin/make -f CMakeFiles/cmTC_d6b83.dir/build.make CMakeFiles/cmTC_d6b83.dir/build
make[1]: Entering directory '/home/leo/mycode/RunRasPi/3rdparty/libevent-2.1.11-stable/build/CMakeFiles/CMakeTmp'
Building C object CMakeFiles/cmTC_d6b83.dir/CheckSymbolExists.c.o
/usr/bin/cc   -Wall -Wextra -Wno-unused-parameter -Wstrict-aliasing -Wstrict-prototypes -fno-strict-aliasing -Wmissing-prototypes -Winit-self -Wmissing-field-initializers -Wdeclaration-after-statement -Waddress -Wnormalized=id -Woverride-init -Wlogical-op -Wwrite-strings    -o CMakeFiles/cmTC_d6b83.dir/CheckSymbolExists.c.o   -c /home/leo/mycode/RunRasPi/3rdparty/libevent-2.1.11-stable/build/CMakeFiles/CMakeTmp/CheckSymbolExists.c
Linking C executable cmTC_d6b83
/usr/bin/cmake -E cmake_link_script CMakeFiles/cmTC_d6b83.dir/link.txt --verbose=1
/usr/bin/cc  -Wall -Wextra -Wno-unused-parameter -Wstrict-aliasing -Wstrict-prototypes -fno-strict-aliasing -Wmissing-prototypes -Winit-self -Wmissing-field-initializers -Wdeclaration-after-statement -Waddress -Wnormalized=id -Woverride-init -Wlogical-op -Wwrite-strings     -rdynamic CMakeFiles/cmTC_d6b83.dir/CheckSymbolExists.c.o  -o cmTC_d6b83 
CMakeFiles/cmTC_d6b83.dir/CheckSymbolExists.c.o: In function `main':
CheckSymbolExists.c:(.text+0x1b): undefined reference to `pthread_create'
collect2: error: ld returned 1 exit status
CMakeFiles/cmTC_d6b83.dir/build.make:97: recipe for target 'cmTC_d6b83' failed
make[1]: *** [cmTC_d6b83] Error 1
make[1]: Leaving directory '/home/leo/mycode/RunRasPi/3rdparty/libevent-2.1.11-stable/build/CMakeFiles/CMakeTmp'
Makefile:126: recipe for target 'cmTC_d6b83/fast' failed
make: *** [cmTC_d6b83/fast] Error 2

File /home/leo/mycode/RunRasPi/3rdparty/libevent-2.1.11-stable/build/CMakeFiles/CMakeTmp/CheckSymbolExists.c:
/* */
#include <pthread.h>

int main(int argc, char** argv)
{
  (void)argv;
#ifndef pthread_create
  return ((int*)(&pthread_create))[argc];
#else
  (void)argc;
  return 0;
#endif
}

Determining if the function pthread_create exists in the pthreads failed with the following output:
Change Dir: /home/leo/mycode/RunRasPi/3rdparty/libevent-2.1.11-stable/build/CMakeFiles/CMakeTmp

Run Build Command:"/usr/bin/make" "cmTC_9503f/fast"
/usr/bin/make -f CMakeFiles/cmTC_9503f.dir/build.make CMakeFiles/cmTC_9503f.dir/build
make[1]: Entering directory '/home/leo/mycode/RunRasPi/3rdparty/libevent-2.1.11-stable/build/CMakeFiles/CMakeTmp'
Building C object CMakeFiles/cmTC_9503f.dir/CheckFunctionExists.c.o
/usr/bin/cc   -Wall -Wextra -Wno-unused-parameter -Wstrict-aliasing -Wstrict-prototypes -fno-strict-aliasing -Wmissing-prototypes -Winit-self -Wmissing-field-initializers -Wdeclaration-after-statement -Waddress -Wnormalized=id -Woverride-init -Wlogical-op -Wwrite-strings -DCHECK_FUNCTION_EXISTS=pthread_create   -o CMakeFiles/cmTC_9503f.dir/CheckFunctionExists.c.o   -c /usr/share/cmake-3.10/Modules/CheckFunctionExists.c
Linking C executable cmTC_9503f
/usr/bin/cmake -E cmake_link_script CMakeFiles/cmTC_9503f.dir/link.txt --verbose=1
/usr/bin/cc  -Wall -Wextra -Wno-unused-parameter -Wstrict-aliasing -Wstrict-prototypes -fno-strict-aliasing -Wmissing-prototypes -Winit-self -Wmissing-field-initializers -Wdeclaration-after-statement -Waddress -Wnormalized=id -Woverride-init -Wlogical-op -Wwrite-strings -DCHECK_FUNCTION_EXISTS=pthread_create    -rdynamic CMakeFiles/cmTC_9503f.dir/CheckFunctionExists.c.o  -o cmTC_9503f -lpthreads 
/usr/bin/ld: cannot find -lpthreads
collect2: error: ld returned 1 exit status
CMakeFiles/cmTC_9503f.dir/build.make:97: recipe for target 'cmTC_9503f' failed
make[1]: *** [cmTC_9503f] Error 1
make[1]: Leaving directory '/home/leo/mycode/RunRasPi/3rdparty/libevent-2.1.11-stable/build/CMakeFiles/CMakeTmp'
Makefile:126: recipe for target 'cmTC_9503f/fast' failed
make: *** [cmTC_9503f/fast] Error 2


